It contains the following concepts:

s: Sacramento_(California)
m: Mystery_fiction / Sacred_mysteries / Sacrament / Mystery_film / Mysteries / Sacrament
k: Kent%2C_Connecticut


Sacramento (/ˌsækrəˈmɛntoʊ/ SAK-rə-MEN-toh; Spanish: [sakɾaˈmento]; Spanish for '"sacrament"')
 is the capital city of the U.S. state of California and the seat and largest city of Sacramento County.


The ambigiouty of natural language caused confusion in concept understanding
But we can specify that.

Macramento?


    http://he.dbpedia.org/resource/סקרמנט
    is considered the same as the city Sacramento, that causes a lot of trouble.

    The Sacrament:
    http://he.dbpedia.org/resource/סקרמנט
    https://he.wikipedia.org/wiki/%D7%A1%D7%A7%D7%A8%D7%9E%D7%A0%D7%98

    The city:
    http://he.dbpedia.org/resource/סקרמנטו
    https://he.wikipedia.org/wiki/%D7%A1%D7%A7%D7%A8%D7%9E%D7%A0%D7%98%D7%95

removed edges :

l ( s ) =  http://dbpedia.org/resource/Sacramento,_California
r ( k ) =  http://data.nytimes.com/N4116265518154572091

l ( m ) =  http://dbpedia.org/resource/Sacrament
r ( s ) =  http://sws.geonames.org/5389489/

l ( s ) =  http://sws.geonames.org/5389489/
r ( m ) =  http://ru.dbpedia.org/resource/%D0%A2%D0%B0%D0%B8%D0%BD%D1%81%D1%82%D0%B2%D0%BE

l ( s ) =  http://rdf.freebase.com/ns/guid.9202a8c04000641f800000000003a974
r ( m ) =  http://dbpedia.org/resource/Ciudad_Aztl%C3%A1n
